<?xml version="1.0" encoding="UTF-8"?>
<testsuite xmlns:xsi="http://www.w3.org/2001/XMLSchema-instance" xsi:noNamespaceSchemaLocation="https://maven.apache.org/surefire/maven-surefire-plugin/xsd/surefire-test-report.xsd" name="com.mycompany.app.AppTest" time="0.129" tests="1" errors="0" skipped="0" failures="0">
  <properties>
    <property name="awt.toolkit" value="sun.awt.X11.XToolkit"/>
    <property name="file.encoding.pkg" value="sun.io"/>
    <property name="java.specification.version" value="1.8"/>
    <property name="sun.cpu.isalist" value=""/>
    <property name="sun.jnu.encoding" value="ANSI_X3.4-1968"/>
    <property name="java.class.path" value="/home/sekhar/gitexamples/New/Newpipeline/target/test-classes:/home/sekhar/gitexamples/New/Newpipeline/target/classes:/home/sekhar/.m2/repository/junit/junit/4.11/junit-4.11.jar:/home/sekhar/.m2/repository/org/hamcrest/hamcrest-core/1.3/hamcrest-core-1.3.jar:"/>
    <property name="java.vm.vendor" value="Oracle Corporation"/>
    <property name="sun.arch.data.model" value="64"/>
    <property name="java.vendor.url" value="http://java.oracle.com/"/>
    <property name="user.timezone" value=""/>
    <property name="java.vm.specification.version" value="1.8"/>
    <property name="os.name" value="Linux"/>
    <property name="user.country" value="US"/>
    <property name="sun.java.launcher" value="SUN_STANDARD"/>
    <property name="sun.boot.library.path" value="/home/sekhar/softwars/java8/jre/lib/amd64"/>
    <property name="sun.java.command" value="/home/sekhar/gitexamples/New/Newpipeline/target/surefire/surefirebooter7521977912936804881.jar /home/sekhar/gitexamples/New/Newpipeline/target/surefire 2019-05-14T06-26-22_327-jvmRun1 surefire5790956581428616687tmp surefire_08661656588038493594tmp"/>
    <property name="surefire.test.class.path" value="/home/sekhar/gitexamples/New/Newpipeline/target/test-classes:/home/sekhar/gitexamples/New/Newpipeline/target/classes:/home/sekhar/.m2/repository/junit/junit/4.11/junit-4.11.jar:/home/sekhar/.m2/repository/org/hamcrest/hamcrest-core/1.3/hamcrest-core-1.3.jar:"/>
    <property name="sun.cpu.endian" value="little"/>
    <property name="user.home" value="/home/sekhar"/>
    <property name="user.language" value="en"/>
    <property name="java.specification.vendor" value="Oracle Corporation"/>
    <property name="java.home" value="/home/sekhar/softwars/java8/jre"/>
    <property name="basedir" value="/home/sekhar/gitexamples/New/Newpipeline"/>
    <property name="file.separator" value="/"/>
    <property name="line.separator" value="&#10;"/>
    <property name="java.vm.specification.vendor" value="Oracle Corporation"/>
    <property name="java.specification.name" value="Java Platform API Specification"/>
    <property name="java.awt.graphicsenv" value="sun.awt.X11GraphicsEnvironment"/>
    <property name="surefire.real.class.path" value="/home/sekhar/gitexamples/New/Newpipeline/target/surefire/surefirebooter7521977912936804881.jar"/>
    <property name="sun.boot.class.path" value="/home/sekhar/softwars/java8/jre/lib/resources.jar:/home/sekhar/softwars/java8/jre/lib/rt.jar:/home/sekhar/softwars/java8/jre/lib/sunrsasign.jar:/home/sekhar/softwars/java8/jre/lib/jsse.jar:/home/sekhar/softwars/java8/jre/lib/jce.jar:/home/sekhar/softwars/java8/jre/lib/charsets.jar:/home/sekhar/softwars/java8/jre/lib/jfr.jar:/home/sekhar/softwars/java8/jre/classes"/>
    <property name="sun.management.compiler" value="HotSpot 64-Bit Tiered Compilers"/>
    <property name="java.runtime.version" value="1.8.0_212-b10"/>
    <property name="user.name" value="sekhar"/>
    <property name="path.separator" value=":"/>
    <property name="os.version" value="4.19.0-0.bpo.2-cloud-amd64"/>
    <property name="java.endorsed.dirs" value="/home/sekhar/softwars/java8/jre/lib/endorsed"/>
    <property name="java.runtime.name" value="Java(TM) SE Runtime Environment"/>
    <property name="file.encoding" value="ANSI_X3.4-1968"/>
    <property name="java.vm.name" value="Java HotSpot(TM) 64-Bit Server VM"/>
    <property name="localRepository" value="/home/sekhar/.m2/repository"/>
    <property name="java.vendor.url.bug" value="http://bugreport.sun.com/bugreport/"/>
    <property name="java.io.tmpdir" value="/tmp"/>
    <property name="java.version" value="1.8.0_212"/>
    <property name="user.dir" value="/home/sekhar/gitexamples/New/Newpipeline"/>
    <property name="os.arch" value="amd64"/>
    <property name="java.vm.specification.name" value="Java Virtual Machine Specification"/>
    <property name="java.awt.printerjob" value="sun.print.PSPrinterJob"/>
    <property name="sun.os.patch.level" value="unknown"/>
    <property name="java.library.path" value="/usr/java/packages/lib/amd64:/usr/lib64:/lib64:/lib:/usr/lib"/>
    <property name="java.vm.info" value="mixed mode"/>
    <property name="java.vendor" value="Oracle Corporation"/>
    <property name="java.vm.version" value="25.212-b10"/>
    <property name="java.ext.dirs" value="/home/sekhar/softwars/java8/jre/lib/ext:/usr/java/packages/lib/ext"/>
    <property name="sun.io.unicode.encoding" value="UnicodeLittle"/>
    <property name="java.class.version" value="52.0"/>
  </properties>
  <testcase name="shouldAnswerWithTrue" classname="com.mycompany.app.AppTest" time="0.011"/>
</testsuite>